[2020-12-16T20:05:43.888229+05:00] Main.WARNING: Foo [] []
[2020-12-16T20:05:43.889899+05:00] Main.ERROR: Bar [] []
[2020-12-16T20:15:32.052030+05:00] Main.ERROR: Bar [] []
[2020-12-16T20:16:42.469966+05:00] Main.ERROR: Bar [] []
[2020-12-16T20:25:46.149836+05:00] Main.WARNING: Hello [] []
[2020-12-16T20:26:04.598416+05:00] Main.ERROR: Hello [] []
[2020-12-16T20:27:26.801430+05:00] Main.ERROR: Undefined index: Content-Length [] []
[2020-12-16T20:27:29.446043+05:00] Main.ERROR: Undefined index: Content-Length [] []
[2020-12-16T20:27:33.059335+05:00] Main.ERROR: Undefined index: Content-Length [] []
[2020-12-16T20:27:33.143442+05:00] Main.ERROR: Undefined index: Content-Length [] []
[2020-12-16T20:27:36.742213+05:00] Main.ERROR: Undefined index: Content-Length [] []
[2020-12-16T20:27:37.560972+05:00] Main.ERROR: Undefined index: Content-Length [] []
[2020-12-16T20:27:55.812710+05:00] Main.ERROR: Undefined index: Content-Length [] []
[2020-12-16T20:27:57.381000+05:00] Main.ERROR: Undefined index: Content-Length [] []
[2020-12-16T20:28:01.330874+05:00] Main.ERROR: Undefined index: Content-Length [] []
[2020-12-16T20:28:03.457186+05:00] Main.ERROR: Undefined index: Content-Length [] []
[2020-12-16T20:28:11.486143+05:00] Main.ERROR: Undefined index: Content-Length [] []
[2020-12-16T20:28:15.641239+05:00] Main.ERROR: socket_bind(): unable to bind address [98]: Address already in use [] []
[2020-12-16T20:28:28.824072+05:00] Main.ERROR: socket_bind(): unable to bind address [98]: Address already in use [] []
[2020-12-16T20:28:49.306597+05:00] Main.ERROR: socket_bind(): unable to bind address [98]: Address already in use [] []
[2020-12-16T20:45:24.470404+05:00] Main.ERROR: Undefined index: Content-Length [] []
[2020-12-16T20:45:25.503371+05:00] Main.ERROR: Undefined index: Content-Length [] []
[2020-12-16T20:45:38.531378+05:00] Main.ERROR: Undefined index: Content-Length [] []
[2020-12-16T20:45:48.451204+05:00] Main.ERROR: Undefined index: Content-Length [] []
[2020-12-16T20:45:50.704338+05:00] Main.ERROR: Undefined index: Content-Length [] []
[2020-12-16T20:46:46.329949+05:00] Main.ERROR: Undefined index: Content-Length [] []
[2020-12-16T20:46:55.445348+05:00] Main.ERROR: Undefined index: Content-Length [] []
[2020-12-16T20:51:23.797540+05:00] Main.ERROR: Undefined index: Content-Length [] []
[2020-12-16T20:51:35.664630+05:00] Main.ERROR: Undefined index: Content-Length [] []
[2020-12-16T20:51:35.855428+05:00] Main.ERROR: Undefined index: Content-Length [] []
[2020-12-16T20:51:35.870748+05:00] Main.ERROR: Undefined index: Content-Length [] []
[2020-12-16T20:51:53.489716+05:00] Main.ERROR: Undefined index: Content-Length [] []
[2020-12-16T20:52:03.924058+05:00] Main.ERROR: Undefined index: Content-Length [] []
[2020-12-16T20:52:04.103709+05:00] Main.ERROR: Undefined index: Content-Length [] []
[2020-12-16T20:52:04.466599+05:00] Main.ERROR: Undefined index: Content-Length [] []
[2020-12-16T20:52:14.538059+05:00] Main.ERROR: Undefined index: Content-Length [] []
[2020-12-16T20:52:18.055888+05:00] Main.ERROR: Undefined index: Content-Length [] []
[2020-12-16T20:53:17.562386+05:00] Main.ERROR: Undefined index: Content-Length [] []
[2020-12-16T20:53:17.934555+05:00] Main.ERROR: Undefined index: Content-Length [] []
[2020-12-16T20:53:17.941335+05:00] Main.ERROR: Undefined index: Content-Length [] []
[2020-12-16T20:53:22.084273+05:00] Main.ERROR: Undefined index: Content-Length [] []
[2020-12-16T20:53:22.444976+05:00] Main.ERROR: Undefined index: Content-Length [] []
[2020-12-16T20:53:22.806972+05:00] Main.ERROR: Undefined index: Content-Length [] []
[2020-12-16T20:53:35.001590+05:00] Main.ERROR: Undefined index: Content-Length [] []
[2020-12-16T20:53:36.050999+05:00] Main.ERROR: Undefined index: Content-Length [] []
[2020-12-16T20:53:37.342090+05:00] Main.ERROR: Undefined index: Content-Length [] []
[2020-12-16T20:53:37.518119+05:00] Main.ERROR: Undefined index: Content-Length [] []
[2020-12-16T20:53:37.609266+05:00] Main.ERROR: Undefined index: Content-Length [] []
[2020-12-16T20:53:43.136861+05:00] Main.ERROR: Undefined index: Content-Length [] []
[2020-12-16T20:53:52.326051+05:00] Main.ERROR: Undefined index: Content-Length [] []
[2020-12-16T20:53:53.908987+05:00] Main.ERROR: Undefined index: Content-Length [] []
[2020-12-16T20:54:06.356456+05:00] Main.ERROR: Undefined index: Content-Length [] []
[2020-12-16T20:54:11.435794+05:00] Main.ERROR: Undefined index: Content-Length [] []
[2020-12-16T20:54:56.323208+05:00] Main.ERROR: Undefined index: Content-Length [] []
[2020-12-16T20:56:00.856374+05:00] Main.ERROR: Undefined index: Content-Length [] []
[2020-12-16T20:56:02.240356+05:00] Main.ERROR: Undefined index: Content-Length [] []
[2020-12-16T20:59:59.429646+05:00] Main.ERROR: Undefined index: Content-Length [] []
[2020-12-16T21:00:06.253258+05:00] Main.ERROR: Undefined index: Content-Length [] []
[2020-12-16T21:00:09.292475+05:00] Main.ERROR: Undefined index: Content-Length [] []
[2020-12-16T21:00:10.883970+05:00] Main.ERROR: Undefined index: Content-Length [] []
[2020-12-16T21:14:41.167324+05:00] Main.ERROR: array_walk_recursive() expects parameter 1 to be array, null given [] []
[2020-12-16T21:14:41.169736+05:00] Main.ERROR: file_get_contents($root/conf/config.yml): failed to open stream: No such file or directory [] []
[2020-12-16T21:14:41.170039+05:00] Main.ERROR: file_get_contents($root/conf/app.yml): failed to open stream: No such file or directory [] []
[2020-12-16T21:14:41.170338+05:00] Main.ERROR: file_get_contents($root/conf/route.yml): failed to open stream: No such file or directory [] []
[2020-12-16T21:15:02.942868+05:00] Main.ERROR: file_get_contents($root/conf/config.yml): failed to open stream: No such file or directory [] []
[2020-12-16T21:15:02.945566+05:00] Main.ERROR: file_get_contents($root/conf/app.yml): failed to open stream: No such file or directory [] []
[2020-12-16T21:15:02.945795+05:00] Main.ERROR: file_get_contents($root/conf/route.yml): failed to open stream: No such file or directory [] []
[2020-12-16T21:16:21.364148+05:00] Main.ERROR: Undefined index: name [] []
[2020-12-16T21:16:21.367329+05:00] Main.ERROR: Undefined index: version [] []
[2020-12-16T21:16:21.367611+05:00] Main.ERROR: Undefined index: version_type [] []
[2020-12-16T21:16:21.367828+05:00] Main.ERROR: Undefined index: version_full [] []
[2020-12-16T21:16:21.367949+05:00] Main.ERROR: Undefined index: version_promotion [] []
[2020-12-16T21:16:21.368059+05:00] Main.ERROR: Undefined index: config [] []
[2020-12-16T21:16:21.368176+05:00] Main.ERROR: Undefined index: app [] []
[2020-12-16T21:16:21.368312+05:00] Main.ERROR: Undefined index: route [] []
[2020-12-16T21:16:21.368434+05:00] Main.ERROR: Undefined index: tailwind [] []
[2020-12-16T21:16:21.368558+05:00] Main.ERROR: Undefined index: code [] []
[2020-12-16T21:16:21.368664+05:00] Main.ERROR: Undefined index: title [] []
[2020-12-16T21:16:21.368776+05:00] Main.ERROR: Undefined index: desc [] []
[2020-12-16T21:16:21.368891+05:00] Main.ERROR: Undefined index: title [] []
[2020-12-16T21:16:21.369011+05:00] Main.ERROR: Undefined index: desc [] []
[2020-12-16T21:16:21.369232+05:00] Main.ERROR: file_get_contents($root/conf/config.yml): failed to open stream: No such file or directory [] []
[2020-12-16T21:16:21.369455+05:00] Main.ERROR: file_get_contents($root/conf/app.yml): failed to open stream: No such file or directory [] []
[2020-12-16T21:16:21.369626+05:00] Main.ERROR: file_get_contents($root/conf/route.yml): failed to open stream: No such file or directory [] []
[2020-12-16T21:16:31.547767+05:00] Main.ERROR: Undefined index: name [] []
[2020-12-16T21:16:31.550924+05:00] Main.ERROR: Undefined index: version [] []
[2020-12-16T21:16:31.551128+05:00] Main.ERROR: Undefined index: version_type [] []
[2020-12-16T21:16:31.551259+05:00] Main.ERROR: Undefined index: version_full [] []
[2020-12-16T21:16:31.551372+05:00] Main.ERROR: Undefined index: version_promotion [] []
[2020-12-16T21:16:31.551485+05:00] Main.ERROR: Undefined index: config [] []
[2020-12-16T21:16:31.551594+05:00] Main.ERROR: Undefined index: app [] []
[2020-12-16T21:16:31.551750+05:00] Main.ERROR: Undefined index: route [] []
[2020-12-16T21:16:31.551851+05:00] Main.ERROR: Undefined index: tailwind [] []
[2020-12-16T21:16:31.552006+05:00] Main.ERROR: Undefined index: code [] []
[2020-12-16T21:16:31.552212+05:00] Main.ERROR: Undefined index: title [] []
[2020-12-16T21:16:31.552380+05:00] Main.ERROR: Undefined index: desc [] []
[2020-12-16T21:16:31.552483+05:00] Main.ERROR: Undefined index: title [] []
[2020-12-16T21:16:31.552585+05:00] Main.ERROR: Undefined index: desc [] []
[2020-12-16T21:16:31.554145+05:00] Main.ERROR: file_get_contents($root/conf/config.yml): failed to open stream: No such file or directory [] []
[2020-12-16T21:16:31.554445+05:00] Main.ERROR: file_get_contents($root/conf/app.yml): failed to open stream: No such file or directory [] []
[2020-12-16T21:16:31.554693+05:00] Main.ERROR: file_get_contents($root/conf/route.yml): failed to open stream: No such file or directory [] []
[2020-12-16T21:26:06.729306+05:00] Main.ERROR: file_get_contents($root/conf/config.yml): failed to open stream: No such file or directory [] []
[2020-12-16T21:26:06.731442+05:00] Main.ERROR: file_get_contents($root/conf/app.yml): failed to open stream: No such file or directory [] []
[2020-12-16T21:26:06.731717+05:00] Main.ERROR: file_get_contents($root/conf/route.yml): failed to open stream: No such file or directory [] []
[2020-12-16T21:26:19.114437+05:00] Main.ERROR: file_get_contents($root/conf/config.yml): failed to open stream: No such file or directory [] []
[2020-12-16T21:26:19.117834+05:00] Main.ERROR: file_get_contents($root/conf/app.yml): failed to open stream: No such file or directory [] []
[2020-12-16T21:26:19.118114+05:00] Main.ERROR: file_get_contents($root/conf/route.yml): failed to open stream: No such file or directory [] []
[2020-12-16T21:26:22.145816+05:00] Main.ERROR: file_get_contents($root/conf/config.yml): failed to open stream: No such file or directory [] []
[2020-12-16T21:26:22.150759+05:00] Main.ERROR: file_get_contents($root/conf/app.yml): failed to open stream: No such file or directory [] []
[2020-12-16T21:26:22.151246+05:00] Main.ERROR: file_get_contents($root/conf/route.yml): failed to open stream: No such file or directory [] []
[2020-12-16T21:29:41.262083+05:00] Main.ERROR: file_get_contents(~/conf/config.yml): failed to open stream: No such file or directory [] []
[2020-12-16T21:29:41.272124+05:00] Main.ERROR: file_get_contents(~/conf/app.yml): failed to open stream: No such file or directory [] []
[2020-12-16T21:29:41.272380+05:00] Main.ERROR: file_get_contents(~/conf/route.yml): failed to open stream: No such file or directory [] []
[2020-12-16T21:32:38.362550+05:00] Main.ERROR: file_get_contents(~/conf/config.yml): failed to open stream: No such file or directory [] []
[2020-12-16T21:32:38.365667+05:00] Main.ERROR: file_get_contents(~/conf/app.yml): failed to open stream: No such file or directory [] []
[2020-12-16T21:32:38.365934+05:00] Main.ERROR: file_get_contents(~/conf/route.yml): failed to open stream: No such file or directory [] []
[2020-12-16T21:32:59.671244+05:00] Main.ERROR: file_get_contents(/home/msl/PhpstormProjects/PHPServer/Bin/conf/config.yml): failed to open stream: No such file or directory [] []
[2020-12-16T21:32:59.673478+05:00] Main.ERROR: file_get_contents(/home/msl/PhpstormProjects/PHPServer/Bin/conf/app.yml): failed to open stream: No such file or directory [] []
[2020-12-16T21:32:59.673747+05:00] Main.ERROR: file_get_contents(/home/msl/PhpstormProjects/PHPServer/Bin/conf/route.yml): failed to open stream: No such file or directory [] []
[2020-12-16T21:33:47.470170+05:00] Main.ERROR: file_get_contents(/home/msl/PhpstormProjects/PHPServer/Bin/conf/config.yml): failed to open stream: No such file or directory [] []
[2020-12-16T21:33:47.472449+05:00] Main.ERROR: file_get_contents(/home/msl/PhpstormProjects/PHPServer/Bin/conf/app.yml): failed to open stream: No such file or directory [] []
[2020-12-16T21:33:47.472724+05:00] Main.ERROR: file_get_contents(/home/msl/PhpstormProjects/PHPServer/Bin/conf/route.yml): failed to open stream: No such file or directory [] []
[2020-12-16T21:34:21.812933+05:00] Main.ERROR: file_get_contents(/conf/config.yml): failed to open stream: No such file or directory [] []
[2020-12-16T21:34:21.815440+05:00] Main.ERROR: file_get_contents(/conf/app.yml): failed to open stream: No such file or directory [] []
[2020-12-16T21:34:21.815662+05:00] Main.ERROR: file_get_contents(/conf/route.yml): failed to open stream: No such file or directory [] []
[2020-12-16T21:39:19.477677+05:00] Main.ERROR: Trying to get property 'server' of non-object [] []
[2020-12-16T21:39:19.480788+05:00] Main.ERROR: Trying to access array offset on value of type null [] []
[2020-12-16T21:39:19.480954+05:00] Main.ERROR: Undefined variable: cb_config [] []
[2020-12-16T21:39:19.481065+05:00] Main.ERROR: Trying to get property 'server' of non-object [] []
[2020-12-16T21:39:19.481172+05:00] Main.ERROR: Trying to access array offset on value of type null [] []
[2020-12-16T21:39:50.245348+05:00] Main.ERROR: Trying to get property 'server' of non-object [] []
[2020-12-16T21:39:50.250615+05:00] Main.ERROR: Trying to access array offset on value of type null [] []
[2020-12-16T21:39:50.250835+05:00] Main.ERROR: Trying to get property 'server' of non-object [] []
[2020-12-16T21:39:50.250955+05:00] Main.ERROR: Trying to access array offset on value of type null [] []
[2020-12-16T21:39:56.454122+05:00] Main.ERROR: Trying to get property 'server' of non-object [] []
[2020-12-16T21:39:56.456270+05:00] Main.ERROR: Trying to access array offset on value of type null [] []
[2020-12-16T21:39:56.456407+05:00] Main.ERROR: Trying to get property 'server' of non-object [] []
[2020-12-16T21:39:56.456512+05:00] Main.ERROR: Trying to access array offset on value of type null [] []
[2020-12-16T21:39:56.458105+05:00] Main.ERROR: socket_bind(): Host lookup failed [-10003]: Unknown server error [] []
[2020-12-16T21:41:50.634568+05:00] Main.ERROR: Undefined index: Content-Length [] []
[2020-12-16T21:41:57.623369+05:00] Main.ERROR: Undefined index: Content-Length [] []
[2020-12-16T21:41:59.518612+05:00] Main.ERROR: Undefined index: Content-Length [] []
[2020-12-16T21:42:53.332369+05:00] Main.ERROR: Undefined index: Content-Length [] []
[2020-12-16T21:44:58.102743+05:00] Main.ERROR: Undefined index: Content-Length [] []
[2020-12-16T21:50:17.643404+05:00] Main.ERROR: Undefined index: Content-Length [] []
[2020-12-16T21:54:47.574114+05:00] Main.ERROR: Undefined index: Content-Length [] []
[2020-12-16T21:57:59.852209+05:00] Main.ERROR: Undefined index: Content-Length [] []
[2020-12-16T21:57:59.857230+05:00] Main.WARNING: Too few arguments to function Router::getErrorRoute(), 0 passed in /home/msl/PhpstormProjects/PHPServer/Bin/Server.php on line 108 and exactly 2 expected [] []
[2020-12-16T21:58:13.039359+05:00] Main.ERROR: Undefined index: Content-Length [] []
[2020-12-16T21:58:13.042806+05:00] Main.WARNING: Too few arguments to function Router::getErrorRoute(), 0 passed in /home/msl/PhpstormProjects/PHPServer/Bin/Server.php on line 108 and exactly 2 expected [] []
[2020-12-16T22:00:22.800212+05:00] Main.ERROR: Undefined index: Content-Length [] []
[2020-12-16T22:00:23.795336+05:00] Main.ERROR: Undefined index: Content-Length [] []
[2020-12-16T22:00:50.720326+05:00] Main.ERROR: Undefined index: Content-Length [] []
[2020-12-16T22:01:08.918471+05:00] Main.ERROR: Undefined index: Content-Length [] []
[2020-12-16T22:01:27.458335+05:00] Main.ERROR: Undefined index: Content-Length [] []
[2020-12-16T22:01:29.526837+05:00] Main.ERROR: Undefined index: Content-Length [] []
[2020-12-16T22:01:33.664760+05:00] Main.ERROR: Undefined index: Content-Length [] []
[2020-12-16T22:01:37.348251+05:00] Main.ERROR: Undefined index: Content-Length [] []
[2020-12-16T22:01:38.442981+05:00] Main.ERROR: Undefined index: Content-Length [] []
[2020-12-16T22:01:57.664587+05:00] Main.ERROR: Undefined index: Content-Length [] []
[2020-12-16T22:01:59.119967+05:00] Main.ERROR: Undefined index: Content-Length [] []
[2020-12-16T22:02:57.059981+05:00] Main.ERROR: Undefined index: Content-Length [] []
[2020-12-16T22:02:58.366519+05:00] Main.ERROR: Undefined index: Content-Length [] []
[2020-12-16T22:03:00.256306+05:00] Main.ERROR: Undefined index: Content-Length [] []
[2020-12-16T22:03:01.381595+05:00] Main.ERROR: Undefined index: Content-Length [] []
[2020-12-16T22:03:10.330616+05:00] Main.ERROR: Undefined index: Content-Length [] []
[2020-12-16T22:03:16.713348+05:00] Main.ERROR: Undefined index: Content-Length [] []
[2020-12-16T22:03:27.514905+05:00] Main.ERROR: Undefined index: Content-Length [] []
[2020-12-16T22:03:31.184239+05:00] Main.ERROR: Undefined index: Content-Length [] []
[2020-12-16T22:03:39.435050+05:00] Main.ERROR: Undefined index: Content-Length [] []
[2020-12-16T22:04:19.981446+05:00] Main.ERROR: Undefined index: Content-Length [] []
[2020-12-16T22:04:29.353829+05:00] Main.ERROR: Undefined index: Content-Length [] []
[2020-12-16T22:05:06.500402+05:00] Main.ERROR: Undefined index: Content-Length [] []
[2020-12-16T22:05:18.335731+05:00] Main.ERROR: Undefined index: Content-Length [] []
[2020-12-16T22:05:23.174873+05:00] Main.ERROR: Undefined index: Content-Length [] []
[2020-12-16T22:05:28.072572+05:00] Main.ERROR: Undefined index: Content-Length [] []
[2020-12-16T22:05:32.447147+05:00] Main.ERROR: Undefined index: Content-Length [] []
[2020-12-16T22:05:48.991245+05:00] Main.ERROR: Undefined index: Content-Length [] []
[2020-12-16T22:06:06.058199+05:00] Main.ERROR: Undefined index: Content-Length [] []
[2020-12-16T22:08:35.932323+05:00] Main.ERROR: Undefined index: Content-Length [] []
[2020-12-16T22:08:55.034985+05:00] Main.ERROR: Undefined index: Content-Length [] []
[2020-12-16T22:09:40.343193+05:00] Main.ERROR: Undefined index: Content-Length [] []
[2020-12-16T22:09:46.155428+05:00] Main.ERROR: socket_bind(): unable to bind address [98]: Address already in use [] []
[2020-12-16T22:10:14.446670+05:00] Main.ERROR: Undefined index: Content-Length [] []
[2020-12-16T22:10:15.949778+05:00] Main.ERROR: Undefined index: Content-Length [] []
[2020-12-16T22:11:08.968905+05:00] Main.ERROR: Undefined index: Content-Length [] []
[2020-12-16T22:11:11.367044+05:00] Main.ERROR: Undefined index: Content-Length [] []
[2020-12-16T22:11:15.571122+05:00] Main.ERROR: Undefined index: Content-Length [] []
[2020-12-16T22:12:28.066125+05:00] Main.ERROR: Undefined index: Content-Length [] []
[2020-12-16T22:12:28.073497+05:00] Main.ERROR: Undefined variable: headers [] []
[2020-12-16T22:12:28.073717+05:00] Main.WARNING: Call to a member function get() on null [] []
[2020-12-16T22:12:32.001732+05:00] Main.ERROR: socket_bind(): unable to bind address [98]: Address already in use [] []
[2020-12-16T22:13:17.409104+05:00] Main.ERROR: Undefined index: Content-Length [] []
[2020-12-16T22:13:17.414394+05:00] Main.ERROR: Undefined variable: headers [] []
[2020-12-16T22:13:17.414620+05:00] Main.WARNING: Call to a member function get() on null [] []
[2020-12-16T22:13:55.750785+05:00] Main.ERROR: socket_bind(): unable to bind address [98]: Address already in use [] []
[2020-12-16T22:14:10.574754+05:00] Main.ERROR: Undefined index: Content-Length [] []
[2020-12-16T22:14:11.189283+05:00] Main.ERROR: Undefined index: Content-Length [] []
[2020-12-16T22:14:15.447521+05:00] Main.ERROR: Undefined index: Content-Length [] []
[2020-12-16T22:14:35.568957+05:00] Main.ERROR: socket_bind(): unable to bind address [98]: Address already in use [] []
[2020-12-16T22:20:59.768324+05:00] Main.ERROR: Undefined index: Content-Length [] []
[2020-12-16T22:21:00.479411+05:00] Main.ERROR: Undefined index: Content-Length [] []
[2020-12-16T22:23:08.104759+05:00] Main.ERROR: Undefined index: Content-Length [] []
[2020-12-16T22:23:19.938668+05:00] Main.ERROR: Undefined index: Content-Length [] []
[2020-12-16T22:23:24.692577+05:00] Main.ERROR: Undefined index: Content-Length [] []
[2020-12-16T22:23:29.007980+05:00] Main.ERROR: Undefined index: Content-Length [] []
[2020-12-16T22:23:38.766412+05:00] Main.ERROR: Undefined index: Content-Length [] []
[2020-12-16T22:24:43.654977+05:00] Main.ERROR: Undefined index: Content-Length [] []
[2020-12-16T22:24:55.694513+05:00] Main.ERROR: Undefined index: Content-Length [] []
[2020-12-16T22:27:05.970028+05:00] Main.ERROR: Undefined index: Content-Length [] []
[2020-12-16T22:27:07.178703+05:00] Main.ERROR: Undefined index: Content-Length [] []
[2020-12-16T22:31:30.402994+05:00] Main.ERROR: Undefined index: Content-Length [] []
[2020-12-16T22:31:45.401033+05:00] Main.ERROR: Undefined index: Content-Length [] []
[2020-12-16T22:32:20.896119+05:00] Main.ERROR: Undefined index: Content-Length [] []
[2020-12-16T22:32:29.597076+05:00] Main.ERROR: Undefined index: Content-Length [] []
[2020-12-16T22:32:31.527266+05:00] Main.ERROR: Undefined index: Content-Length [] []
[2020-12-16T22:32:43.553876+05:00] Main.ERROR: Undefined index: Content-Length [] []
[2020-12-16T22:32:45.437017+05:00] Main.ERROR: Undefined index: Content-Length [] []
[2020-12-16T22:32:50.601407+05:00] Main.ERROR: Undefined index: Content-Length [] []
[2020-12-16T22:32:52.612264+05:00] Main.ERROR: Undefined index: Content-Length [] []
[2020-12-16T22:32:54.181827+05:00] Main.ERROR: Undefined index: Content-Length [] []
[2020-12-16T22:46:16.143286+05:00] Main.ERROR: socket_bind(): unable to bind address [98]: Address already in use [] []
[2020-12-16T22:46:53.745385+05:00] Main.ERROR: Undefined index: Content-Length [] []
[2020-12-16T22:46:55.135616+05:00] Main.ERROR: Undefined index: Content-Length [] []
[2020-12-16T22:47:38.772197+05:00] Main.ERROR: Undefined index: Content-Length [] []
[2020-12-16T22:47:40.724216+05:00] Main.ERROR: Undefined index: Content-Length [] []
[2020-12-16T22:47:48.246852+05:00] Main.ERROR: Undefined index: Content-Length [] []
[2020-12-16T22:47:48.255428+05:00] Main.ERROR: Array to string conversion [] []
[2020-12-16T22:47:53.160149+05:00] Main.ERROR: Undefined index: Content-Length [] []
[2020-12-16T22:47:53.173065+05:00] Main.WARNING: Object of class CNZ\Helpers\Dev could not be converted to string [] []
[2020-12-16T22:48:05.526272+05:00] Main.ERROR: Use of undefined constant HDev - assumed 'HDev' (this will throw an Error in a future version of PHP) [] []
[2020-12-16T22:48:05.529565+05:00] Main.ERROR: socket_bind(): unable to bind address [98]: Address already in use [] []
[2020-12-16T22:48:17.928592+05:00] Main.ERROR: Use of undefined constant HDev - assumed 'HDev' (this will throw an Error in a future version of PHP) [] []
[2020-12-16T22:48:22.271494+05:00] Main.ERROR: Undefined index: Content-Length [] []
[2020-12-16T22:48:23.853818+05:00] Main.ERROR: Undefined index: Content-Length [] []
[2020-12-16T22:48:58.057450+05:00] Main.ERROR: Use of undefined constant HDev - assumed 'HDev' (this will throw an Error in a future version of PHP) [] []
[2020-12-16T22:48:58.062093+05:00] Main.ERROR: socket_bind(): unable to bind address [98]: Address already in use [] []
[2020-12-16T22:49:07.191310+05:00] Main.ERROR: Use of undefined constant HDev - assumed 'HDev' (this will throw an Error in a future version of PHP) [] []
[2020-12-16T22:49:12.500445+05:00] Main.ERROR: Undefined index: Content-Length [] []
[2020-12-16T22:49:13.592028+05:00] Main.ERROR: Undefined index: Content-Length [] []
[2020-12-16T22:50:03.569166+05:00] Main.ERROR: Use of undefined constant HDev - assumed 'HDev' (this will throw an Error in a future version of PHP) [] []
[2020-12-16T22:50:03.571502+05:00] Main.ERROR: Use of undefined constant HDev - assumed 'HDev' (this will throw an Error in a future version of PHP) [] []
[2020-12-16T22:50:03.572738+05:00] Main.ERROR: socket_bind(): unable to bind address [98]: Address already in use [] []
[2020-12-16T22:55:30.380878+05:00] Main.ERROR: Undefined index: Content-Length [] []
[2020-12-16T22:55:31.325425+05:00] Main.ERROR: Undefined index: Content-Length [] []
[2020-12-16T22:55:32.305706+05:00] Main.ERROR: Undefined index: Content-Length [] []
[2020-12-16T22:55:40.567984+05:00] Main.ERROR: Undefined index: Content-Length [] []
[2020-12-16T22:56:39.879735+05:00] Main.ERROR: Undefined index: Content-Length [] []
[2020-12-16T23:03:13.033688+05:00] Main.ERROR: Undefined index: Content-Length [] []
[2020-12-16T23:03:14.393660+05:00] Main.ERROR: Undefined index: Content-Length [] []
[2020-12-16T23:06:16.386999+05:00] Main.ERROR: Undefined index: Content-Length [] []
[2020-12-16T23:06:27.936895+05:00] Main.ERROR: Undefined index: Content-Length [] []
[2020-12-16T23:06:28.801366+05:00] Main.ERROR: Undefined index: Content-Length [] []
[2020-12-16T23:06:39.996671+05:00] Main.ERROR: socket_bind(): unable to bind address [98]: Address already in use [] []
[2020-12-16T23:06:51.147653+05:00] Main.ERROR: Undefined index: Content-Length [] []
[2020-12-16T23:06:51.592334+05:00] Main.ERROR: Undefined index: Content-Length [] []
[2020-12-16T23:07:10.752115+05:00] Main.ERROR: socket_bind(): unable to bind address [98]: Address already in use [] []
[2020-12-16T23:07:25.314336+05:00] Main.ERROR: Undefined index: Content-Length [] []
[2020-12-16T23:07:25.328383+05:00] Main.ERROR: file_get_contents(php HTTP//.templates//User/form.php): failed to open stream: No such file or directory [] []
[2020-12-16T23:07:25.329373+05:00] Main.ERROR: system(): Cannot execute a blank command [] []
[2020-12-16T23:07:25.538195+05:00] Main.ERROR: Undefined index: Content-Length [] []
[2020-12-16T23:08:06.852373+05:00] Main.ERROR: Undefined index: Content-Length [] []
[2020-12-16T23:08:06.856599+05:00] Main.ERROR: file_get_contents(php HTTP//.templates//User/form.php): failed to open stream: No such file or directory [] []
[2020-12-16T23:08:06.856944+05:00] Main.ERROR: system(): Cannot execute a blank command [] []
[2020-12-16T23:09:38.140117+05:00] Main.ERROR: Undefined index: Content-Length [] []
[2020-12-16T23:09:58.585673+05:00] Main.ERROR: Undefined index: Content-Length [] []
[2020-12-16T23:10:15.559917+05:00] Main.ERROR: socket_bind(): unable to bind address [98]: Address already in use [] []
[2020-12-16T23:10:31.375319+05:00] Main.ERROR: Undefined index: Content-Length [] []
[2020-12-16T23:10:31.871900+05:00] Main.ERROR: Undefined index: Content-Length [] []
[2020-12-16T23:11:11.221107+05:00] Main.ERROR: Undefined index: Content-Length [] []
[2020-12-16T23:11:22.564801+05:00] Main.ERROR: Undefined index: Content-Length [] []
[2020-12-16T23:11:23.391311+05:00] Main.ERROR: Undefined index: Content-Length [] []
[2020-12-16T23:11:30.191874+05:00] Main.ERROR: Undefined index: Content-Length [] []
[2020-12-16T23:11:31.151001+05:00] Main.ERROR: Undefined index: Content-Length [] []
[2020-12-16T23:11:32.754130+05:00] Main.ERROR: Undefined index: Content-Length [] []
[2020-12-16T23:11:37.664829+05:00] Main.ERROR: Undefined index: Content-Length [] []
[2020-12-16T23:12:04.399079+05:00] Main.ERROR: Undefined index: Content-Length [] []
[2020-12-16T23:12:05.277207+05:00] Main.ERROR: Undefined index: Content-Length [] []
[2020-12-16T23:15:53.901064+05:00] Main.ERROR: Undefined index: Content-Length [] []
[2020-12-16T23:15:57.238666+05:00] Main.ERROR: Undefined index: Content-Length [] []
[2020-12-16T23:17:29.696810+05:00] Main.ERROR: Undefined index: Content-Length [] []
[2020-12-16T23:20:50.697174+05:00] Main.ERROR: Undefined index: Content-Length [] []
[2020-12-16T23:21:21.077429+05:00] Main.ERROR: socket_bind(): unable to bind address [98]: Address already in use [] []
[2020-12-16T23:21:56.483517+05:00] Main.ERROR: Undefined index: Content-Length [] []
[2020-12-16T23:21:57.029513+05:00] Main.ERROR: Undefined index: Content-Length [] []
[2020-12-16T23:22:22.115840+05:00] Main.ERROR: Undefined index: Content-Length [] []
[2020-12-16T23:22:41.959441+05:00] Main.ERROR: socket_bind(): unable to bind address [98]: Address already in use [] []
[2020-12-16T23:22:53.990321+05:00] Main.ERROR: Undefined index: Content-Length [] []
[2020-12-16T23:22:54.459333+05:00] Main.ERROR: Undefined index: Content-Length [] []
[2020-12-16T23:23:03.540938+05:00] Main.ERROR: Undefined index: Content-Length [] []
[2020-12-16T23:23:42.446390+05:00] Main.ERROR: socket_bind(): unable to bind address [98]: Address already in use [] []
[2020-12-16T23:23:54.172592+05:00] Main.ERROR: Undefined index: Content-Length [] []
[2020-12-16T23:23:54.637476+05:00] Main.ERROR: Undefined index: Content-Length [] []
[2020-12-16T23:25:15.527066+05:00] Main.ERROR: Undefined index: Content-Length [] []
[2020-12-16T23:25:16.672729+05:00] Main.ERROR: Undefined index: Content-Length [] []
[2020-12-16T23:25:17.353494+05:00] Main.ERROR: Undefined index: Content-Length [] []
[2020-12-16T23:25:43.655839+05:00] Main.ERROR: socket_bind(): unable to bind address [98]: Address already in use [] []
[2020-12-16T23:25:54.399312+05:00] Main.ERROR: Undefined index: Content-Length [] []
[2020-12-16T23:25:54.802417+05:00] Main.ERROR: Undefined index: Content-Length [] []
[2020-12-16T23:28:12.207255+05:00] Main.ERROR: Undefined index: Content-Length [] []
[2020-12-16T23:28:19.655380+05:00] Main.ERROR: socket_bind(): unable to bind address [98]: Address already in use [] []
[2020-12-16T23:28:39.310939+05:00] Main.ERROR: Undefined index: Content-Length [] []
[2020-12-16T23:28:40.821676+05:00] Main.ERROR: Undefined index: Content-Length [] []
[2020-12-16T23:28:50.214137+05:00] Main.ERROR: Undefined index: Content-Length [] []
[2020-12-16T23:28:56.554307+05:00] Main.ERROR: Undefined index: Content-Length [] []
[2020-12-16T23:28:57.674952+05:00] Main.ERROR: Undefined index: Content-Length [] []
[2020-12-16T23:28:58.402167+05:00] Main.ERROR: Undefined index: Content-Length [] []
[2020-12-16T23:29:06.928395+05:00] Main.ERROR: Undefined index: Content-Length [] []
[2020-12-16T23:29:07.915291+05:00] Main.ERROR: Undefined index: Content-Length [] []
[2020-12-16T23:29:14.753324+05:00] Main.ERROR: Undefined index: Content-Length [] []
[2020-12-16T23:30:44.356662+05:00] Main.ERROR: Undefined index: Content-Length [] []
[2020-12-16T23:30:45.034185+05:00] Main.ERROR: Undefined index: Content-Length [] []
[2020-12-16T23:31:06.113054+05:00] Main.ERROR: Undefined index: Content-Length [] []
[2020-12-16T23:31:07.093418+05:00] Main.ERROR: Undefined index: Content-Length [] []
[2020-12-16T23:31:07.793434+05:00] Main.ERROR: Undefined index: Content-Length [] []
[2020-12-16T23:31:11.904087+05:00] Main.ERROR: Undefined index: Content-Length [] []
[2020-12-16T23:31:21.913982+05:00] Main.ERROR: Undefined index: Content-Length [] []
[2020-12-16T23:31:33.814851+05:00] Main.ERROR: Undefined index: Content-Length [] []
[2020-12-16T23:32:16.422245+05:00] Main.ERROR: Undefined index: Content-Length [] []
[2020-12-16T23:32:17.652050+05:00] Main.ERROR: Undefined index: Content-Length [] []
[2020-12-16T23:32:18.421224+05:00] Main.ERROR: Undefined index: Content-Length [] []
[2020-12-16T23:32:19.166476+05:00] Main.ERROR: Undefined index: Content-Length [] []
[2020-12-16T23:32:19.947096+05:00] Main.ERROR: Undefined index: Content-Length [] []
[2020-12-16T23:32:22.816731+05:00] Main.ERROR: Undefined index: Content-Length [] []
[2020-12-16T23:32:39.174016+05:00] Main.ERROR: Undefined index: Content-Length [] []
[2020-12-16T23:32:55.055001+05:00] Main.ERROR: Undefined index: Content-Length [] []
[2020-12-16T23:33:00.712788+05:00] Main.ERROR: Undefined index: Content-Length [] []
[2020-12-16T23:33:03.507092+05:00] Main.ERROR: Undefined index: Content-Length [] []
[2020-12-16T23:33:06.698654+05:00] Main.ERROR: Undefined index: Content-Length [] []
